TN:
SF:src/template/Box/Box.sol
FN:23,Box.initialize
FNDA:0,Box.initialize
DA:26,0
FN:36,Box.store
FNDA:0,Box.store
DA:37,0
DA:38,0
FN:46,Box.retrieve
FNDA:2,Box.retrieve
DA:47,2
FNF:3
FNH:1
LF:4
LH:1
BRF:0
BRH:0
end_of_record
TN:
SF:src/template/Box/BoxV2.sol
FN:13,BoxV2.migrationToV2
FNDA:0,BoxV2.migrationToV2
DA:17,0
FN:21,BoxV2.increment
FNDA:0,BoxV2.increment
DA:22,0
DA:23,0
FNF:2
FNH:0
LF:3
LH:0
BRF:0
BRH:0
end_of_record
TN:
SF:src/template/Box/BoxV3.sol
FN:13,BoxV3.increment2
FNDA:1,BoxV3.increment2
DA:14,1
DA:15,1
FNF:1
FNH:1
LF:2
LH:2
BRF:0
BRH:0
end_of_record
TN:
SF:src/template/Counter.sol
FN:7,Counter.setNumber
FNDA:256,Counter.setNumber
DA:8,256
FN:11,Counter.increment
FNDA:1,Counter.increment
DA:12,1
FNF:2
FNH:2
LF:2
LH:2
BRF:0
BRH:0
end_of_record
TN:
SF:src/template/Lock.sol
FN:23,Lock.withdraw
FNDA:0,Lock.withdraw
DA:27,0
BRDA:27,0,0,-
BRDA:27,0,1,-
DA:28,0
BRDA:28,1,0,-
BRDA:28,1,1,-
DA:30,0
DA:32,0
FNF:1
FNH:0
LF:4
LH:0
BRF:4
BRH:0
end_of_record
TN:
SF:test/utils/TestForkable.sol
FN:18,TestForkable.setUp
FNDA:0,TestForkable.setUp
DA:19,0
DA:20,0
DA:22,0
DA:26,0
FN:31,TestForkable.setUpTest
FNDA:0,TestForkable.setUpTest
FN:33,TestForkable.selectBscMainnetFork
FNDA:0,TestForkable.selectBscMainnetFork
DA:34,0
FN:37,TestForkable.selectBscTestnetFork
FNDA:0,TestForkable.selectBscTestnetFork
DA:38,0
FNF:4
FNH:0
LF:6
LH:0
BRF:0
BRH:0
end_of_record
